This is pdfTeX, Version 3.141592653-2.6-1.40.22 (TeX Live 2021) (preloaded format=pdflatex 2022.1.28)  12 MAR 2022 00:04
entering extended mode
 restricted \write18 enabled.
 file:line:error style messages enabled.
 %&-line parsing enabled.
**"/Users/AdityaShashank/Desktop/IITM/Sem 4/EE2703-APL/A5/main.tex"
(/Users/AdityaShashank/Desktop/IITM/Sem 4/EE2703-APL/A5/main.tex
LaTeX2e <2020-10-01> patch level 4
L3 programming layer <2021-02-18> (/usr/local/texlive/2021/texmf-dist/tex/latex/base/report.cls
Document Class: report 2020/04/10 v1.4m Standard LaTeX document class
(/usr/local/texlive/2021/texmf-dist/tex/latex/base/size12.clo
File: size12.clo 2020/04/10 v1.4m Standard LaTeX file (size option)
)
\c@part=\count179
\c@chapter=\count180
\c@section=\count181
\c@subsection=\count182
\c@subsubsection=\count183
\c@paragraph=\count184
\c@subparagraph=\count185
\c@figure=\count186
\c@table=\count187
\abovecaptionskip=\skip47
\belowcaptionskip=\skip48
\bibindent=\dimen138
) (/usr/local/texlive/2021/texmf-dist/tex/latex/geometry/geometry.sty
Package: geometry 2020/01/02 v5.9 Page Geometry
 (/usr/local/texlive/2021/texmf-dist/tex/latex/graphics/keyval.sty
Package: keyval 2014/10/28 v1.15 key=value parser (DPC)
\KV@toks@=\toks15
) (/usr/local/texlive/2021/texmf-dist/tex/generic/iftex/ifvtex.sty
Package: ifvtex 2019/10/25 v1.7 ifvtex legacy package. Use iftex instead.
 (/usr/local/texlive/2021/texmf-dist/tex/generic/iftex/iftex.sty
Package: iftex 2020/03/06 v1.0d TeX engine tests
))
\Gm@cnth=\count188
\Gm@cntv=\count189
\c@Gm@tempcnt=\count190
\Gm@bindingoffset=\dimen139
\Gm@wd@mp=\dimen140
\Gm@odd@mp=\dimen141
\Gm@even@mp=\dimen142
\Gm@layoutwidth=\dimen143
\Gm@layoutheight=\dimen144
\Gm@layouthoffset=\dimen145
\Gm@layoutvoffset=\dimen146
\Gm@dimlist=\toks16
) (/usr/local/texlive/2021/texmf-dist/tex/latex/graphics/graphicx.sty
Package: graphicx 2020/09/09 v1.2b Enhanced LaTeX Graphics (DPC,SPQR)
 (/usr/local/texlive/2021/texmf-dist/tex/latex/graphics/graphics.sty
Package: graphics 2020/08/30 v1.4c Standard LaTeX Graphics (DPC,SPQR)
 (/usr/local/texlive/2021/texmf-dist/tex/latex/graphics/trig.sty
Package: trig 2016/01/03 v1.10 sin cos tan (DPC)
) (/usr/local/texlive/2021/texmf-dist/tex/latex/graphics-cfg/graphics.cfg
File: graphics.cfg 2016/06/04 v1.11 sample graphics configuration
)
Package graphics Info: Driver file: pdftex.def on input line 105.
 (/usr/local/texlive/2021/texmf-dist/tex/latex/graphics-def/pdftex.def
File: pdftex.def 2020/10/05 v1.2a Graphics/color driver for pdftex
))
\Gin@req@height=\dimen147
\Gin@req@width=\dimen148
) (/usr/local/texlive/2021/texmf-dist/tex/latex/amsmath/amsmath.sty
Package: amsmath 2020/09/23 v2.17i AMS math features
\@mathmargin=\skip49

For additional information on amsmath, use the `?' option.
(/usr/local/texlive/2021/texmf-dist/tex/latex/amsmath/amstext.sty
Package: amstext 2000/06/29 v2.01 AMS text
 (/usr/local/texlive/2021/texmf-dist/tex/latex/amsmath/amsgen.sty
File: amsgen.sty 1999/11/30 v2.0 generic functions
\@emptytoks=\toks17
\ex@=\dimen149
)) (/usr/local/texlive/2021/texmf-dist/tex/latex/amsmath/amsbsy.sty
Package: amsbsy 1999/11/29 v1.2d Bold Symbols
\pmbraise@=\dimen150
) (/usr/local/texlive/2021/texmf-dist/tex/latex/amsmath/amsopn.sty
Package: amsopn 2016/03/08 v2.02 operator names
)
\inf@bad=\count191
LaTeX Info: Redefining \frac on input line 234.
\uproot@=\count192
\leftroot@=\count193
LaTeX Info: Redefining \overline on input line 399.
\classnum@=\count194
\DOTSCASE@=\count195
LaTeX Info: Redefining \ldots on input line 496.
LaTeX Info: Redefining \dots on input line 499.
LaTeX Info: Redefining \cdots on input line 620.
\Mathstrutbox@=\box47
\strutbox@=\box48
\big@size=\dimen151
LaTeX Font Info:    Redeclaring font encoding OML on input line 743.
LaTeX Font Info:    Redeclaring font encoding OMS on input line 744.
\macc@depth=\count196
\c@MaxMatrixCols=\count197
\dotsspace@=\muskip16
\c@parentequation=\count198
\dspbrk@lvl=\count199
\tag@help=\toks18
\row@=\count266
\column@=\count267
\maxfields@=\count268
\andhelp@=\toks19
\eqnshift@=\dimen152
\alignsep@=\dimen153
\tagshift@=\dimen154
\tagwidth@=\dimen155
\totwidth@=\dimen156
\lineht@=\dimen157
\@envbody=\toks20
\multlinegap=\skip50
\multlinetaggap=\skip51
\mathdisplay@stack=\toks21
LaTeX Info: Redefining \[ on input line 2923.
LaTeX Info: Redefining \] on input line 2924.
) (/usr/local/texlive/2021/texmf-dist/tex/latex/listings/listings.sty
\lst@mode=\count269
\lst@gtempboxa=\box49
\lst@token=\toks22
\lst@length=\count270
\lst@currlwidth=\dimen158
\lst@column=\count271
\lst@pos=\count272
\lst@lostspace=\dimen159
\lst@width=\dimen160
\lst@newlines=\count273
\lst@lineno=\count274
\lst@maxwidth=\dimen161
 (/usr/local/texlive/2021/texmf-dist/tex/latex/listings/lstmisc.sty
File: lstmisc.sty 2020/03/24 1.8d (Carsten Heinz)
\c@lstnumber=\count275
\lst@skipnumbers=\count276
\lst@framebox=\box50
) (/usr/local/texlive/2021/texmf-dist/tex/latex/listings/listings.cfg
File: listings.cfg 2020/03/24 1.8d listings configuration
))
Package: listings 2020/03/24 1.8d (Carsten Heinz)
 (/usr/local/texlive/2021/texmf-dist/tex/latex/fancyvrb/fancyvrb.sty
Package: fancyvrb 2021/01/20 v3.7 verbatim text (tvz,hv)
\FV@CodeLineNo=\count277
\FV@InFile=\read2
\FV@TabBox=\box51
\c@FancyVerbLine=\count278
\FV@StepNumber=\count279
\FV@OutFile=\write3
) (/usr/local/texlive/2021/texmf-dist/tex/latex/l3backend/l3backend-pdftex.def
File: l3backend-pdftex.def 2021-03-18 L3 backend support: PDF output (pdfTeX)
\l__color_backend_stack_int=\count280
\l__pdf_internal_box=\box52
) (/Users/AdityaShashank/Desktop/IITM/Sem 4/EE2703-APL/A5/main.aux

LaTeX Warning: Label `fig:allgraphs' multiply defined.


LaTeX Warning: Label `fig:allgraphs' multiply defined.


LaTeX Warning: Label `fig:allgraphs' multiply defined.


LaTeX Warning: Label `fig:allgraphs' multiply defined.


LaTeX Warning: Label `fig:allgraphs' multiply defined.


LaTeX Warning: Label `fig:allgraphs' multiply defined.


LaTeX Warning: Label `fig:allgraphs' multiply defined.


LaTeX Warning: Label `fig:allgraphs' multiply defined.

)
\openout1 = `main.aux'.

LaTeX Font Info:    Checking defaults for OML/cmm/m/it on input line 15.
LaTeX Font Info:    ... okay on input line 15.
LaTeX Font Info:    Checking defaults for OMS/cmsy/m/n on input line 15.
LaTeX Font Info:    ... okay on input line 15.
LaTeX Font Info:    Checking defaults for OT1/cmr/m/n on input line 15.
LaTeX Font Info:    ... okay on input line 15.
LaTeX Font Info:    Checking defaults for T1/cmr/m/n on input line 15.
LaTeX Font Info:    ... okay on input line 15.
LaTeX Font Info:    Checking defaults for TS1/cmr/m/n on input line 15.
LaTeX Font Info:    ... okay on input line 15.
LaTeX Font Info:    Checking defaults for OMX/cmex/m/n on input line 15.
LaTeX Font Info:    ... okay on input line 15.
LaTeX Font Info:    Checking defaults for U/cmr/m/n on input line 15.
LaTeX Font Info:    ... okay on input line 15.

*geometry* driver: auto-detecting
*geometry* detected driver: pdftex
*geometry* verbose mode - [ preamble ] result:
* driver: pdftex
* paper: a4paper
* layout: <same size as paper>
* layoutoffset:(h,v)=(0.0pt,0.0pt)
* modes: 
* h-part:(L,W,R)=(57.81621pt, 481.87546pt, 57.81621pt)
* v-part:(T,H,B)=(72.26999pt, 700.50687pt, 72.26999pt)
* \paperwidth=597.50787pt
* \paperheight=845.04684pt
* \textwidth=481.87546pt
* \textheight=700.50687pt
* \oddsidemargin=-14.45378pt
* \evensidemargin=-14.45378pt
* \topmargin=-37.0pt
* \headheight=12.0pt
* \headsep=25.0pt
* \topskip=12.0pt
* \footskip=30.0pt
* \marginparwidth=35.0pt
* \marginparsep=10.0pt
* \columnsep=10.0pt
* \skip\footins=10.8pt plus 4.0pt minus 2.0pt
* \hoffset=0.0pt
* \voffset=0.0pt
* \mag=1000
* \@twocolumnfalse
* \@twosidefalse
* \@mparswitchfalse
* \@reversemarginfalse
* (1in=72.27pt=25.4mm, 1cm=28.453pt)

(/usr/local/texlive/2021/texmf-dist/tex/context/base/mkii/supp-pdf.mkii
[Loading MPS to PDF converter (version 2006.09.02).]
\scratchcounter=\count281
\scratchdimen=\dimen162
\scratchbox=\box53
\nofMPsegments=\count282
\nofMParguments=\count283
\everyMPshowfont=\toks23
\MPscratchCnt=\count284
\MPscratchDim=\dimen163
\MPnumerator=\count285
\makeMPintoPDFobject=\count286
\everyMPtoPDFconversion=\toks24
) (/usr/local/texlive/2021/texmf-dist/tex/latex/epstopdf-pkg/epstopdf-base.sty
Package: epstopdf-base 2020-01-24 v2.11 Base part for package epstopdf
Package epstopdf-base Info: Redefining graphics rule for `.eps' on input line 485.
 (/usr/local/texlive/2021/texmf-dist/tex/latex/latexconfig/epstopdf-sys.cfg
File: epstopdf-sys.cfg 2010/07/13 v1.3 Configuration of (r)epstopdf for TeX Live
))
\c@lstlisting=\count287
 [1

{/usr/local/texlive/2021/texmf-var/fonts/map/pdftex/updmap/pdftex.map}]
<A.png, id=8, 96.36pt x 48.18pt>
File: A.png Graphic file (type png)
<use A.png>
Package pdftex.def Info: A.png  used on input line 44.
(pdftex.def)             Requested size: 81.90636pt x 40.95317pt.
<B.png, id=10, 133.49875pt x 48.18pt>
File: B.png Graphic file (type png)
<use B.png>
Package pdftex.def Info: B.png  used on input line 50.
(pdftex.def)             Requested size: 113.47444pt x 40.95317pt.
<D.png, id=11, 74.2775pt x 34.1275pt>
File: D.png Graphic file (type png)
<use D.png>
Package pdftex.def Info: D.png  used on input line 56.
(pdftex.def)             Requested size: 63.13617pt x 29.00848pt.
<E.png, id=12, 351.3125pt x 138.5175pt>
File: E.png Graphic file (type png)
<use E.png>
Package pdftex.def Info: E.png  used on input line 62.
(pdftex.def)             Requested size: 298.61702pt x 117.74042pt.
 [1 </Users/AdityaShashank/Desktop/IITM/Sem 4/EE2703-APL/A5/A.png> </Users/AdityaShashank/Desktop/IITM/Sem 4/EE2703-APL/A5/B.png> </Users/AdityaShashank/Desktop/IITM/Sem 4/EE2703-APL/A5/D.png>]
<F.png, id=22, 253.94875pt x 51.19125pt>
File: F.png Graphic file (type png)
<use F.png>
Package pdftex.def Info: F.png  used on input line 68.
(pdftex.def)             Requested size: 215.85744pt x 43.51276pt.
 [2 </Users/AdityaShashank/Desktop/IITM/Sem 4/EE2703-APL/A5/E.png> </Users/AdityaShashank/Desktop/IITM/Sem 4/EE2703-APL/A5/F.png>]
<Q1.png, id=31, 462.528pt x 346.896pt>
File: Q1.png Graphic file (type png)
<use Q1.png>
Package pdftex.def Info: Q1.png  used on input line 125.
(pdftex.def)             Requested size: 370.02289pt x 277.51717pt.
<Q1b.png, id=32, 462.528pt x 346.896pt>
File: Q1b.png Graphic file (type png)
<use Q1b.png>
Package pdftex.def Info: Q1b.png  used on input line 132.
(pdftex.def)             Requested size: 370.02289pt x 277.51717pt.
 [3 </Users/AdityaShashank/Desktop/IITM/Sem 4/EE2703-APL/A5/Q1.png>]
File: F.png Graphic file (type png)
<use F.png>
Package pdftex.def Info: F.png  used on input line 142.
(pdftex.def)             Requested size: 215.85744pt x 43.51276pt.
 [4 </Users/AdityaShashank/Desktop/IITM/Sem 4/EE2703-APL/A5/Q1b.png>]
<Q2a.png, id=42, 462.528pt x 346.896pt>
File: Q2a.png Graphic file (type png)
<use Q2a.png>
Package pdftex.def Info: Q2a.png  used on input line 192.
(pdftex.def)             Requested size: 346.89514pt x 260.17136pt.
<Q2b.png, id=43, 462.528pt x 346.896pt>
File: Q2b.png Graphic file (type png)
<use Q2b.png>
Package pdftex.def Info: Q2b.png  used on input line 199.
(pdftex.def)             Requested size: 346.89514pt x 260.17136pt.
<Q2c.png, id=44, 462.528pt x 346.896pt>
File: Q2c.png Graphic file (type png)
<use Q2c.png>
Package pdftex.def Info: Q2c.png  used on input line 205.
(pdftex.def)             Requested size: 346.89514pt x 260.17136pt.
 [5 </Users/AdityaShashank/Desktop/IITM/Sem 4/EE2703-APL/A5/Q2a.png>] [6 </Users/AdityaShashank/Desktop/IITM/Sem 4/EE2703-APL/A5/Q2b.png> </Users/AdityaShashank/Desktop/IITM/Sem 4/EE2703-APL/A5/Q2c.png>]
<Q3a.png, id=55, 462.528pt x 346.896pt>
File: Q3a.png Graphic file (type png)
<use Q3a.png>
Package pdftex.def Info: Q3a.png  used on input line 251.
(pdftex.def)             Requested size: 388.52086pt x 291.39064pt.
<Q3b.png, id=56, 462.528pt x 346.896pt>
File: Q3b.png Graphic file (type png)
<use Q3b.png>
Package pdftex.def Info: Q3b.png  used on input line 258.
(pdftex.def)             Requested size: 388.52086pt x 291.39064pt.
 [7] [8 </Users/AdityaShashank/Desktop/IITM/Sem 4/EE2703-APL/A5/Q3a.png> </Users/AdityaShashank/Desktop/IITM/Sem 4/EE2703-APL/A5/Q3b.png>]
<Q4.png, id=65, 462.528pt x 346.896pt>
File: Q4.png Graphic file (type png)
<use Q4.png>
Package pdftex.def Info: Q4.png  used on input line 289.
(pdftex.def)             Requested size: 346.89514pt x 260.17136pt.
<Q5.png, id=66, 462.528pt x 346.896pt>
File: Q5.png Graphic file (type png)
<use Q5.png>
Package pdftex.def Info: Q5.png  used on input line 296.
(pdftex.def)             Requested size: 346.89514pt x 260.17136pt.
 [9 </Users/AdityaShashank/Desktop/IITM/Sem 4/EE2703-APL/A5/Q4.png>]
<G.png, id=71, 171.64125pt x 60.225pt>
File: G.png Graphic file (type png)
<use G.png>
Package pdftex.def Info: G.png  used on input line 325.
(pdftex.def)             Requested size: 161.34277pt x 56.61148pt.
 [10 </Users/AdityaShashank/Desktop/IITM/Sem 4/EE2703-APL/A5/Q5.png> </Users/AdityaShashank/Desktop/IITM/Sem 4/EE2703-APL/A5/G.png>]
<Q6.png, id=77, 462.528pt x 346.896pt>
File: Q6.png Graphic file (type png)
<use Q6.png>
Package pdftex.def Info: Q6.png  used on input line 342.
(pdftex.def)             Requested size: 346.89514pt x 260.17136pt.
 [11 </Users/AdityaShashank/Desktop/IITM/Sem 4/EE2703-APL/A5/Q6.png>] [12] (/Users/AdityaShashank/Desktop/IITM/Sem 4/EE2703-APL/A5/main.aux)

LaTeX Warning: There were multiply-defined labels.

 ) 
Here is how much of TeX's memory you used:
 4185 strings out of 478994
 59606 string characters out of 5858184
 363768 words of memory out of 5000000
 21643 multiletter control sequences out of 15000+600000
 410269 words of font info for 51 fonts, out of 8000000 for 9000
 1141 hyphenation exceptions out of 8191
 68i,7n,74p,595b,277s stack positions out of 5000i,500n,10000p,200000b,80000s
{/usr/local/texlive/2021/texmf-dist/fonts/enc/dvips/cm-super/cm-super-ts1.enc}</usr/local/texlive/2021/texmf-dist/fonts/type1/public/amsfonts/cm/cmbx12.pfb></usr/local/texlive/2021/texmf-dist/fonts/type1/public/amsfonts/cm/cmmi12.pfb></usr/local/texlive/2021/texmf-dist/fonts/type1/public/amsfonts/cm/cmmi8.pfb></usr/local/texlive/2021/texmf-dist/fonts/type1/public/amsfonts/cm/cmr12.pfb></usr/local/texlive/2021/texmf-dist/fonts/type1/public/amsfonts/cm/cmr8.pfb></usr/local/texlive/2021/texmf-dist/fonts/type1/public/amsfonts/cm/cmsy10.pfb></usr/local/texlive/2021/texmf-dist/fonts/type1/public/amsfonts/cm/cmti12.pfb></usr/local/texlive/2021/texmf-dist/fonts/type1/public/amsfonts/cm/cmtt12.pfb></usr/local/texlive/2021/texmf-dist/fonts/type1/public/cm-super/sfrm1200.pfb>
Output written on "/Users/AdityaShashank/Desktop/IITM/Sem 4/EE2703-APL/A5/main.pdf" (13 pages, 766607 bytes).
PDF statistics:
 117 PDF objects out of 1000 (max. 8388607)
 60 compressed objects within 1 object stream
 0 named destinations out of 1000 (max. 500000)
 81 words of extra memory for PDF output out of 10000 (max. 10000000)

